Determining if the log exist failed with the following output:
Change Dir: /mnt/c/Users/slick/Desktop/OSS/cmake/Help/guide/tutorial/Step5_build/CMakeFiles/CMakeTmp

Run Build Command(s):/usr/bin/make cmTC_69d77/fast && /usr/bin/make -f CMakeFiles/cmTC_69d77.dir/build.make CMakeFiles/cmTC_69d77.dir/build
make[1]: Entering directory '/mnt/c/Users/slick/Desktop/OSS/cmake/Help/guide/tutorial/Step5_build/CMakeFiles/CMakeTmp'
Building C object CMakeFiles/cmTC_69d77.dir/CheckSymbolExists.c.o
/usr/bin/cc    -o CMakeFiles/cmTC_69d77.dir/CheckSymbolExists.c.o   -c /mnt/c/Users/slick/Desktop/OSS/cmake/Help/guide/tutorial/Step5_build/CMakeFiles/CMakeTmp/CheckSymbolExists.c
Linking C executable cmTC_69d77
/usr/bin/cmake -E cmake_link_script CMakeFiles/cmTC_69d77.dir/link.txt --verbose=1
/usr/bin/cc      CMakeFiles/cmTC_69d77.dir/CheckSymbolExists.c.o  -o cmTC_69d77 
/usr/bin/ld: CMakeFiles/cmTC_69d77.dir/CheckSymbolExists.c.o: in function `main':
CheckSymbolExists.c:(.text+0x1f): undefined reference to `log'
collect2: error: ld returned 1 exit status
make[1]: *** [CMakeFiles/cmTC_69d77.dir/build.make:87: cmTC_69d77] Error 1
make[1]: Leaving directory '/mnt/c/Users/slick/Desktop/OSS/cmake/Help/guide/tutorial/Step5_build/CMakeFiles/CMakeTmp'
make: *** [Makefile:121: cmTC_69d77/fast] Error 2


File /mnt/c/Users/slick/Desktop/OSS/cmake/Help/guide/tutorial/Step5_build/CMakeFiles/CMakeTmp/CheckSymbolExists.c:
/* */
#include <math.h>

int main(int argc, char** argv)
{
  (void)argv;
#ifndef log
  return ((int*)(&log))[argc];
#else
  (void)argc;
  return 0;
#endif
}
Determining if the exp exist failed with the following output:
Change Dir: /mnt/c/Users/slick/Desktop/OSS/cmake/Help/guide/tutorial/Step5_build/CMakeFiles/CMakeTmp

Run Build Command(s):/usr/bin/make cmTC_ded07/fast && /usr/bin/make -f CMakeFiles/cmTC_ded07.dir/build.make CMakeFiles/cmTC_ded07.dir/build
make[1]: Entering directory '/mnt/c/Users/slick/Desktop/OSS/cmake/Help/guide/tutorial/Step5_build/CMakeFiles/CMakeTmp'
Building C object CMakeFiles/cmTC_ded07.dir/CheckSymbolExists.c.o
/usr/bin/cc    -o CMakeFiles/cmTC_ded07.dir/CheckSymbolExists.c.o   -c /mnt/c/Users/slick/Desktop/OSS/cmake/Help/guide/tutorial/Step5_build/CMakeFiles/CMakeTmp/CheckSymbolExists.c
Linking C executable cmTC_ded07
/usr/bin/cmake -E cmake_link_script CMakeFiles/cmTC_ded07.dir/link.txt --verbose=1
/usr/bin/cc      CMakeFiles/cmTC_ded07.dir/CheckSymbolExists.c.o  -o cmTC_ded07 
/usr/bin/ld: CMakeFiles/cmTC_ded07.dir/CheckSymbolExists.c.o: in function `main':
CheckSymbolExists.c:(.text+0x1f): undefined reference to `exp'
collect2: error: ld returned 1 exit status
make[1]: *** [CMakeFiles/cmTC_ded07.dir/build.make:87: cmTC_ded07] Error 1
make[1]: Leaving directory '/mnt/c/Users/slick/Desktop/OSS/cmake/Help/guide/tutorial/Step5_build/CMakeFiles/CMakeTmp'
make: *** [Makefile:121: cmTC_ded07/fast] Error 2


File /mnt/c/Users/slick/Desktop/OSS/cmake/Help/guide/tutorial/Step5_build/CMakeFiles/CMakeTmp/CheckSymbolExists.c:
/* */
#include <math.h>

int main(int argc, char** argv)
{
  (void)argv;
#ifndef exp
  return ((int*)(&exp))[argc];
#else
  (void)argc;
  return 0;
#endif
}
